[2026-03-02T03:55:29.513Z] [Server] Error: No current broadcast found for legendhyuk
    at SoopScrapper.getCurrentBno (file:///C:/vscode%20project/chatbot/src/server/chat/soop/SoopScrapper.js:48:19)
    at process.processTicksAndRejections (node:internal/process/task_queues:103:5)
    at async SoopScrapper.getChatInfo (file:///C:/vscode%20project/chatbot/src/server/chat/soop/SoopScrapper.js:58:21)
    at async SoopScrapper.connectToSoopChat (file:///C:/vscode%20project/chatbot/src/server/chat/soop/SoopScrapper.js:102:29)
    at async SoopScrapper.init (file:///C:/vscode%20project/chatbot/src/server/chat/soop/SoopScrapper.js:16:9)
    at async ChatHub.init (file:///C:/vscode%20project/chatbot/src/server/chat/ChatHub.js:29:9)
    at async Server.<anonymous> (file:///C:/vscode%20project/chatbot/src/server/server.js:60:9)
[2026-03-02T04:39:34.079Z] [Server] Error: listen EADDRINUSE: address already in use :::13000
    at Server.setupListenHandle [as _listen2] (node:net:1940:16)
    at listenInCluster (node:net:1997:12)
    at Server.listen (node:net:2102:7)
    at app.listen (C:\vscode project\chatbot\node_modules\express\lib\application.js:635:24)
    at file:///C:/vscode%20project/chatbot/src/server/server.js:113:5
    at ModuleJob.run (node:internal/modules/esm/module_job:413:25)
    at async onImport.tracePromise.__proto__ (node:internal/modules/esm/loader:660:26)
    at async asyncRunEntryPointWithESMLoader (node:internal/modules/run_main:101:5)
[2026-03-02T05:23:06.205Z] [Uncaught Exception] ReferenceError: require is not defined
    at Timeout._onTimeout (file:///C:/vscode%20project/chatbot/src/server/server.js:29:31)
    at listOnTimeout (node:internal/timers:605:17)
    at process.processTimers (node:internal/timers:541:7)
