[2026-03-03T03:35:40.293Z] [Uncaught Exception] Error: listen EADDRINUSE: address already in use :::13102
    at Server.setupListenHandle [as _listen2] (node:net:1940:16)
    at listenInCluster (node:net:1997:12)
    at Server.listen (node:net:2102:7)
    at new WebSocketServer (C:\vscode project\chatbot\node_modules\ws\lib\websocket-server.js:106:20)
    at ChatHub.createWebSocketDisplay (file:///C:/vscode%20project/chatbot/src/server/chat/ChatHub.js:40:20)
    at ChatHub.init (file:///C:/vscode%20project/chatbot/src/server/chat/ChatHub.js:22:20)
    at file:///C:/vscode%20project/chatbot/src/server/server.js:65:23
    at process.processTicksAndRejections (node:internal/process/task_queues:103:5)
[2026-03-03T03:36:32.860Z] [Uncaught Exception] Error: listen EADDRINUSE: address already in use :::13102
    at Server.setupListenHandle [as _listen2] (node:net:1940:16)
    at listenInCluster (node:net:1997:12)
    at Server.listen (node:net:2102:7)
    at new WebSocketServer (C:\vscode project\chatbot\node_modules\ws\lib\websocket-server.js:106:20)
    at ChatHub.createWebSocketDisplay (file:///C:/vscode%20project/chatbot/src/server/chat/ChatHub.js:40:20)
    at ChatHub.init (file:///C:/vscode%20project/chatbot/src/server/chat/ChatHub.js:22:20)
    at file:///C:/vscode%20project/chatbot/src/server/server.js:65:23
    at process.processTicksAndRejections (node:internal/process/task_queues:103:5)
[2026-03-03T03:36:51.074Z] [Uncaught Exception] Error: listen EADDRINUSE: address already in use :::13102
    at Server.setupListenHandle [as _listen2] (node:net:1940:16)
    at listenInCluster (node:net:1997:12)
    at Server.listen (node:net:2102:7)
    at new WebSocketServer (C:\vscode project\chatbot\node_modules\ws\lib\websocket-server.js:106:20)
    at ChatHub.createWebSocketDisplay (file:///C:/vscode%20project/chatbot/src/server/chat/ChatHub.js:40:20)
    at ChatHub.init (file:///C:/vscode%20project/chatbot/src/server/chat/ChatHub.js:22:20)
    at file:///C:/vscode%20project/chatbot/src/server/server.js:65:23
    at process.processTicksAndRejections (node:internal/process/task_queues:103:5)
[2026-03-03T03:37:04.706Z] [Uncaught Exception] Error: listen EADDRINUSE: address already in use :::13102
    at Server.setupListenHandle [as _listen2] (node:net:1940:16)
    at listenInCluster (node:net:1997:12)
    at Server.listen (node:net:2102:7)
    at new WebSocketServer (C:\vscode project\chatbot\node_modules\ws\lib\websocket-server.js:106:20)
    at ChatHub.createWebSocketDisplay (file:///C:/vscode%20project/chatbot/src/server/chat/ChatHub.js:40:20)
    at ChatHub.init (file:///C:/vscode%20project/chatbot/src/server/chat/ChatHub.js:22:20)
    at file:///C:/vscode%20project/chatbot/src/server/server.js:65:23
    at process.processTicksAndRejections (node:internal/process/task_queues:103:5)
[2026-03-03T03:42:02.299Z] [Uncaught Exception] Error: listen EADDRINUSE: address already in use :::13102
    at Server.setupListenHandle [as _listen2] (node:net:1940:16)
    at listenInCluster (node:net:1997:12)
    at Server.listen (node:net:2102:7)
    at new WebSocketServer (C:\vscode project\chatbot\node_modules\ws\lib\websocket-server.js:106:20)
    at ChatHub.createWebSocketDisplay (file:///C:/vscode%20project/chatbot/src/server/chat/ChatHub.js:40:20)
    at ChatHub.init (file:///C:/vscode%20project/chatbot/src/server/chat/ChatHub.js:22:20)
    at file:///C:/vscode%20project/chatbot/src/server/server.js:65:23
    at process.processTicksAndRejections (node:internal/process/task_queues:103:5)
