[2026-03-16T07:52:39.702Z] [Uncaught Exception] TypeError: Cannot read properties of null (reading 'btime')
    at SoopScrapper.sendBroadTime (file:///C:/vscode%20project/YoBot/src/server/chat/soop/SoopScrapper.js:191:34)
    at WebSocket.<anonymous> (file:///C:/vscode%20project/YoBot/src/server/chat/ChatHub.js:82:39)
    at WebSocket.emit (node:events:508:28)
    at Receiver.receiverOnMessage (C:\vscode project\YoBot\node_modules\ws\lib\websocket.js:1225:20)
    at Receiver.emit (node:events:508:28)
    at Receiver.dataMessage (C:\vscode project\YoBot\node_modules\ws\lib\receiver.js:596:14)
    at Receiver.getData (C:\vscode project\YoBot\node_modules\ws\lib\receiver.js:496:10)
    at Receiver.startLoop (C:\vscode project\YoBot\node_modules\ws\lib\receiver.js:167:16)
    at Receiver._write (C:\vscode project\YoBot\node_modules\ws\lib\receiver.js:94:10)
    at writeOrBuffer (node:internal/streams/writable:570:12)
[2026-03-16T08:06:53.271Z] [Uncaught Exception] TypeError: Cannot read properties of null (reading 'btime')
    at SoopScrapper.sendBroadTime (file:///C:/vscode%20project/YoBot/src/server/chat/soop/SoopScrapper.js:191:34)
    at WebSocket.<anonymous> (file:///C:/vscode%20project/YoBot/src/server/chat/ChatHub.js:82:39)
    at WebSocket.emit (node:events:508:28)
    at Receiver.receiverOnMessage (C:\vscode project\YoBot\node_modules\ws\lib\websocket.js:1225:20)
    at Receiver.emit (node:events:508:28)
    at Receiver.dataMessage (C:\vscode project\YoBot\node_modules\ws\lib\receiver.js:596:14)
    at Receiver.getData (C:\vscode project\YoBot\node_modules\ws\lib\receiver.js:496:10)
    at Receiver.startLoop (C:\vscode project\YoBot\node_modules\ws\lib\receiver.js:167:16)
    at Receiver._write (C:\vscode project\YoBot\node_modules\ws\lib\receiver.js:94:10)
    at writeOrBuffer (node:internal/streams/writable:570:12)
[2026-03-16T08:07:37.510Z] [Uncaught Exception] TypeError: Cannot read properties of null (reading 'btime')
    at SoopScrapper.sendBroadTime (file:///C:/vscode%20project/YoBot/src/server/chat/soop/SoopScrapper.js:192:34)
    at WebSocket.<anonymous> (file:///C:/vscode%20project/YoBot/src/server/chat/ChatHub.js:82:39)
    at WebSocket.emit (node:events:508:28)
    at Receiver.receiverOnMessage (C:\vscode project\YoBot\node_modules\ws\lib\websocket.js:1225:20)
    at Receiver.emit (node:events:508:28)
    at Receiver.dataMessage (C:\vscode project\YoBot\node_modules\ws\lib\receiver.js:596:14)
    at Receiver.getData (C:\vscode project\YoBot\node_modules\ws\lib\receiver.js:496:10)
    at Receiver.startLoop (C:\vscode project\YoBot\node_modules\ws\lib\receiver.js:167:16)
    at Receiver._write (C:\vscode project\YoBot\node_modules\ws\lib\receiver.js:94:10)
    at writeOrBuffer (node:internal/streams/writable:570:12)
[2026-03-16T08:10:36.865Z] [Uncaught Exception] TypeError: Cannot read properties of null (reading 'btime')
    at SoopScrapper.sendBroadTime (file:///C:/vscode%20project/YoBot/src/server/chat/soop/SoopScrapper.js:187:34)
    at WebSocket.<anonymous> (file:///C:/vscode%20project/YoBot/src/server/chat/ChatHub.js:82:39)
    at WebSocket.emit (node:events:508:28)
    at Receiver.receiverOnMessage (C:\vscode project\YoBot\node_modules\ws\lib\websocket.js:1225:20)
    at Receiver.emit (node:events:508:28)
    at Receiver.dataMessage (C:\vscode project\YoBot\node_modules\ws\lib\receiver.js:596:14)
    at Receiver.getData (C:\vscode project\YoBot\node_modules\ws\lib\receiver.js:496:10)
    at Receiver.startLoop (C:\vscode project\YoBot\node_modules\ws\lib\receiver.js:167:16)
    at Receiver._write (C:\vscode project\YoBot\node_modules\ws\lib\receiver.js:94:10)
    at writeOrBuffer (node:internal/streams/writable:570:12)
