[2026-03-12T02:58:04.614Z] [Server] Error: listen EADDRINUSE: address already in use :::13101
    at Server.setupListenHandle [as _listen2] (node:net:1940:16)
    at listenInCluster (node:net:1997:12)
    at Server.listen (node:net:2102:7)
    at app.listen (C:\vscode project\YoBot\node_modules\express\lib\application.js:635:24)
    at file:///C:/vscode%20project/YoBot/src/server/server.js:139:5
    at ModuleJob.run (node:internal/modules/esm/module_job:413:25)
    at async onImport.tracePromise.__proto__ (node:internal/modules/esm/loader:660:26)
    at async asyncRunEntryPointWithESMLoader (node:internal/modules/run_main:101:5)
[2026-03-12T05:27:53.719Z] [Server] Error: listen EADDRINUSE: address already in use :::13101
    at Server.setupListenHandle [as _listen2] (node:net:1940:16)
    at listenInCluster (node:net:1997:12)
    at Server.listen (node:net:2102:7)
    at app.listen (C:\vscode project\YoBot\node_modules\express\lib\application.js:635:24)
    at file:///C:/vscode%20project/YoBot/src/server/server.js:149:14
    at ModuleJob.run (node:internal/modules/esm/module_job:413:25)
    at async onImport.tracePromise.__proto__ (node:internal/modules/esm/loader:660:26)
    at async asyncRunEntryPointWithESMLoader (node:internal/modules/run_main:101:5)
[2026-03-12T05:48:41.482Z] [Server] Error: listen EADDRINUSE: address already in use :::13101
    at Server.setupListenHandle [as _listen2] (node:net:1940:16)
    at listenInCluster (node:net:1997:12)
    at Server.listen (node:net:2102:7)
    at app.listen (C:\vscode project\YoBot\node_modules\express\lib\application.js:635:24)
    at file:///C:/vscode%20project/YoBot/src/server/server.js:149:14
    at ModuleJob.run (node:internal/modules/esm/module_job:413:25)
    at async onImport.tracePromise.__proto__ (node:internal/modules/esm/loader:660:26)
    at async asyncRunEntryPointWithESMLoader (node:internal/modules/run_main:101:5)
