[2026-02-27T05:05:38.600Z] [Server] ReferenceError: SoopScraper is not defined
    at ChatHub.init (file:///C:/vscode%20project/chatbot/src/server/chat/ChatHub.js:27:33)
    at process.processTicksAndRejections (node:internal/process/task_queues:103:5)
    at async Server.<anonymous> (file:///C:/vscode%20project/chatbot/src/server/server.js:60:9)
[2026-02-27T05:08:30.013Z] [Server] ReferenceError: SoopScraper is not defined
    at ChatHub.init (file:///C:/vscode%20project/chatbot/src/server/chat/ChatHub.js:27:33)
    at process.processTicksAndRejections (node:internal/process/task_queues:103:5)
    at async Server.<anonymous> (file:///C:/vscode%20project/chatbot/src/server/server.js:60:9)
[2026-02-27T05:09:25.119Z] [Server] SyntaxError: Unexpected token 'v', "var oBroad"... is not valid JSON
    at JSON.parse (<anonymous>)
    at parseJSONFromBytes (node:internal/deps/undici/undici:4259:19)
    at successSteps (node:internal/deps/undici/undici:6882:27)
    at readAllBytes (node:internal/deps/undici/undici:5807:13)
    at process.processTicksAndRejections (node:internal/process/task_queues:103:5)
[2026-02-27T05:11:18.886Z] [Server] SyntaxError: Unexpected token 'v', "var oBroad"... is not valid JSON
    at JSON.parse (<anonymous>)
    at parseJSONFromBytes (node:internal/deps/undici/undici:4259:19)
    at successSteps (node:internal/deps/undici/undici:6882:27)
    at readAllBytes (node:internal/deps/undici/undici:5807:13)
    at process.processTicksAndRejections (node:internal/process/task_queues:103:5)
[2026-02-27T05:12:13.425Z] [Server] SyntaxError: Unexpected token 'v', "var oBroad"... is not valid JSON
    at JSON.parse (<anonymous>)
    at parseJSONFromBytes (node:internal/deps/undici/undici:4259:19)
    at successSteps (node:internal/deps/undici/undici:6882:27)
    at readAllBytes (node:internal/deps/undici/undici:5807:13)
    at process.processTicksAndRejections (node:internal/process/task_queues:103:5)
[2026-02-27T05:31:24.319Z] [Server] SyntaxError: Unexpected token 'v', "var oBroad"... is not valid JSON
    at JSON.parse (<anonymous>)
    at parseJSONFromBytes (node:internal/deps/undici/undici:4259:19)
    at successSteps (node:internal/deps/undici/undici:6882:27)
    at readAllBytes (node:internal/deps/undici/undici:5807:13)
    at process.processTicksAndRejections (node:internal/process/task_queues:103:5)
[2026-02-27T05:32:06.638Z] [Server] SyntaxError: Unexpected token 'v', "var oBroad"... is not valid JSON
    at JSON.parse (<anonymous>)
    at parseJSONFromBytes (node:internal/deps/undici/undici:4259:19)
    at successSteps (node:internal/deps/undici/undici:6882:27)
    at readAllBytes (node:internal/deps/undici/undici:5807:13)
    at process.processTicksAndRejections (node:internal/process/task_queues:103:5)
[2026-02-27T05:34:13.804Z] [Server] SyntaxError: Unexpected token 'v', "var oBroad"... is not valid JSON
    at JSON.parse (<anonymous>)
    at parseJSONFromBytes (node:internal/deps/undici/undici:4259:19)
    at successSteps (node:internal/deps/undici/undici:6882:27)
    at readAllBytes (node:internal/deps/undici/undici:5807:13)
    at process.processTicksAndRejections (node:internal/process/task_queues:103:5)
[2026-02-27T05:37:37.805Z] [Server] SyntaxError: Unexpected token 'v', "var oBroad"... is not valid JSON
    at JSON.parse (<anonymous>)
    at parseJSONFromBytes (node:internal/deps/undici/undici:4259:19)
    at successSteps (node:internal/deps/undici/undici:6882:27)
    at readAllBytes (node:internal/deps/undici/undici:5807:13)
    at process.processTicksAndRejections (node:internal/process/task_queues:103:5)
[2026-02-27T05:39:13.186Z] [Server] SyntaxError: Unexpected token 'v', "var oBroad"... is not valid JSON
    at JSON.parse (<anonymous>)
    at parseJSONFromBytes (node:internal/deps/undici/undici:4259:19)
    at successSteps (node:internal/deps/undici/undici:6882:27)
    at readAllBytes (node:internal/deps/undici/undici:5807:13)
    at process.processTicksAndRejections (node:internal/process/task_queues:103:5)
[2026-02-27T05:41:59.107Z] [Server] TypeError: Body is unusable: Body has already been read
    at consumeBody (node:internal/deps/undici/undici:6873:31)
    at _Response.json (node:internal/deps/undici/undici:6824:18)
    at SoopScrapper.getCurrentBno (file:///C:/vscode%20project/chatbot/src/server/chat/soop/SoopScrapper.js:34:37)
    at process.processTicksAndRejections (node:internal/process/task_queues:103:5)
    at async SoopScrapper.getChatInfo (file:///C:/vscode%20project/chatbot/src/server/chat/soop/SoopScrapper.js:45:21)
    at async SoopScrapper.connectToSoopChat (file:///C:/vscode%20project/chatbot/src/server/chat/soop/SoopScrapper.js:86:25)
    at async SoopScrapper.init (file:///C:/vscode%20project/chatbot/src/server/chat/soop/SoopScrapper.js:15:9)
    at async ChatHub.init (file:///C:/vscode%20project/chatbot/src/server/chat/ChatHub.js:29:9)
    at async Server.<anonymous> (file:///C:/vscode%20project/chatbot/src/server/server.js:60:9)
[2026-02-27T05:45:21.614Z] [Server] SyntaxError: Expected property name or '}' in JSON at position 1 (line 1 column 2)
    at JSON.parse (<anonymous>)
    at SoopScrapper.getCurrentBno (file:///C:/vscode%20project/chatbot/src/server/chat/soop/SoopScrapper.js:38:27)
    at process.processTicksAndRejections (node:internal/process/task_queues:103:5)
    at async SoopScrapper.getChatInfo (file:///C:/vscode%20project/chatbot/src/server/chat/soop/SoopScrapper.js:51:21)
    at async SoopScrapper.connectToSoopChat (file:///C:/vscode%20project/chatbot/src/server/chat/soop/SoopScrapper.js:92:25)
    at async SoopScrapper.init (file:///C:/vscode%20project/chatbot/src/server/chat/soop/SoopScrapper.js:15:9)
    at async ChatHub.init (file:///C:/vscode%20project/chatbot/src/server/chat/ChatHub.js:29:9)
    at async Server.<anonymous> (file:///C:/vscode%20project/chatbot/src/server/server.js:60:9)
[2026-02-27T05:45:37.723Z] [Server] SyntaxError: Expected property name or '}' in JSON at position 1 (line 1 column 2)
    at JSON.parse (<anonymous>)
    at SoopScrapper.getCurrentBno (file:///C:/vscode%20project/chatbot/src/server/chat/soop/SoopScrapper.js:38:27)
    at process.processTicksAndRejections (node:internal/process/task_queues:103:5)
    at async SoopScrapper.getChatInfo (file:///C:/vscode%20project/chatbot/src/server/chat/soop/SoopScrapper.js:51:21)
    at async SoopScrapper.connectToSoopChat (file:///C:/vscode%20project/chatbot/src/server/chat/soop/SoopScrapper.js:92:25)
    at async SoopScrapper.init (file:///C:/vscode%20project/chatbot/src/server/chat/soop/SoopScrapper.js:15:9)
    at async ChatHub.init (file:///C:/vscode%20project/chatbot/src/server/chat/ChatHub.js:29:9)
    at async Server.<anonymous> (file:///C:/vscode%20project/chatbot/src/server/server.js:60:9)
[2026-02-27T05:45:44.583Z] [Server] SyntaxError: Expected property name or '}' in JSON at position 1 (line 1 column 2)
    at JSON.parse (<anonymous>)
    at SoopScrapper.getCurrentBno (file:///C:/vscode%20project/chatbot/src/server/chat/soop/SoopScrapper.js:38:27)
    at process.processTicksAndRejections (node:internal/process/task_queues:103:5)
    at async SoopScrapper.getChatInfo (file:///C:/vscode%20project/chatbot/src/server/chat/soop/SoopScrapper.js:51:21)
    at async SoopScrapper.connectToSoopChat (file:///C:/vscode%20project/chatbot/src/server/chat/soop/SoopScrapper.js:92:25)
    at async SoopScrapper.init (file:///C:/vscode%20project/chatbot/src/server/chat/soop/SoopScrapper.js:15:9)
    at async ChatHub.init (file:///C:/vscode%20project/chatbot/src/server/chat/ChatHub.js:29:9)
    at async Server.<anonymous> (file:///C:/vscode%20project/chatbot/src/server/server.js:60:9)
[2026-02-27T05:46:04.758Z] [Server] SyntaxError: Expected property name or '}' in JSON at position 1 (line 1 column 2)
    at JSON.parse (<anonymous>)
    at SoopScrapper.getCurrentBno (file:///C:/vscode%20project/chatbot/src/server/chat/soop/SoopScrapper.js:39:27)
    at process.processTicksAndRejections (node:internal/process/task_queues:103:5)
    at async SoopScrapper.getChatInfo (file:///C:/vscode%20project/chatbot/src/server/chat/soop/SoopScrapper.js:52:21)
    at async SoopScrapper.connectToSoopChat (file:///C:/vscode%20project/chatbot/src/server/chat/soop/SoopScrapper.js:93:25)
    at async SoopScrapper.init (file:///C:/vscode%20project/chatbot/src/server/chat/soop/SoopScrapper.js:15:9)
    at async ChatHub.init (file:///C:/vscode%20project/chatbot/src/server/chat/ChatHub.js:29:9)
    at async Server.<anonymous> (file:///C:/vscode%20project/chatbot/src/server/server.js:60:9)
[2026-02-27T05:46:31.416Z] [Server] SyntaxError: Expected property name or '}' in JSON at position 1 (line 1 column 2)
    at JSON.parse (<anonymous>)
    at SoopScrapper.getCurrentBno (file:///C:/vscode%20project/chatbot/src/server/chat/soop/SoopScrapper.js:41:27)
    at process.processTicksAndRejections (node:internal/process/task_queues:103:5)
    at async SoopScrapper.getChatInfo (file:///C:/vscode%20project/chatbot/src/server/chat/soop/SoopScrapper.js:54:21)
    at async SoopScrapper.connectToSoopChat (file:///C:/vscode%20project/chatbot/src/server/chat/soop/SoopScrapper.js:95:25)
    at async SoopScrapper.init (file:///C:/vscode%20project/chatbot/src/server/chat/soop/SoopScrapper.js:15:9)
    at async ChatHub.init (file:///C:/vscode%20project/chatbot/src/server/chat/ChatHub.js:29:9)
    at async Server.<anonymous> (file:///C:/vscode%20project/chatbot/src/server/server.js:60:9)
[2026-02-27T05:46:46.606Z] [Server] SyntaxError: Expected property name or '}' in JSON at position 1 (line 1 column 2)
    at JSON.parse (<anonymous>)
    at SoopScrapper.getCurrentBno (file:///C:/vscode%20project/chatbot/src/server/chat/soop/SoopScrapper.js:42:27)
    at process.processTicksAndRejections (node:internal/process/task_queues:103:5)
    at async SoopScrapper.getChatInfo (file:///C:/vscode%20project/chatbot/src/server/chat/soop/SoopScrapper.js:55:21)
    at async SoopScrapper.connectToSoopChat (file:///C:/vscode%20project/chatbot/src/server/chat/soop/SoopScrapper.js:96:25)
    at async SoopScrapper.init (file:///C:/vscode%20project/chatbot/src/server/chat/soop/SoopScrapper.js:15:9)
    at async ChatHub.init (file:///C:/vscode%20project/chatbot/src/server/chat/ChatHub.js:29:9)
    at async Server.<anonymous> (file:///C:/vscode%20project/chatbot/src/server/server.js:60:9)
[2026-02-27T05:48:44.431Z] [Server] SyntaxError: Expected property name or '}' in JSON at position 1 (line 1 column 2)
    at JSON.parse (<anonymous>)
    at SoopScrapper.getCurrentBno (file:///C:/vscode%20project/chatbot/src/server/chat/soop/SoopScrapper.js:46:31)
    at process.processTicksAndRejections (node:internal/process/task_queues:103:5)
    at async SoopScrapper.getChatInfo (file:///C:/vscode%20project/chatbot/src/server/chat/soop/SoopScrapper.js:63:21)
    at async SoopScrapper.connectToSoopChat (file:///C:/vscode%20project/chatbot/src/server/chat/soop/SoopScrapper.js:104:25)
    at async SoopScrapper.init (file:///C:/vscode%20project/chatbot/src/server/chat/soop/SoopScrapper.js:15:9)
    at async ChatHub.init (file:///C:/vscode%20project/chatbot/src/server/chat/ChatHub.js:29:9)
    at async Server.<anonymous> (file:///C:/vscode%20project/chatbot/src/server/server.js:60:9)
[2026-02-27T05:51:26.035Z] [Server] ReferenceError: decodeHtmlEntities is not defined
    at SoopScrapper.getCurrentBno (file:///C:/vscode%20project/chatbot/src/server/chat/soop/SoopScrapper.js:43:29)
    at process.processTicksAndRejections (node:internal/process/task_queues:103:5)
    at async SoopScrapper.getChatInfo (file:///C:/vscode%20project/chatbot/src/server/chat/soop/SoopScrapper.js:64:21)
    at async SoopScrapper.connectToSoopChat (file:///C:/vscode%20project/chatbot/src/server/chat/soop/SoopScrapper.js:105:25)
    at async SoopScrapper.init (file:///C:/vscode%20project/chatbot/src/server/chat/soop/SoopScrapper.js:15:9)
    at async ChatHub.init (file:///C:/vscode%20project/chatbot/src/server/chat/ChatHub.js:29:9)
    at async Server.<anonymous> (file:///C:/vscode%20project/chatbot/src/server/server.js:60:9)
[2026-02-27T05:52:32.790Z] [Server] SyntaxError: Expected property name or '}' in JSON at position 1 (line 1 column 2)
    at JSON.parse (<anonymous>)
    at SoopScrapper.getCurrentBno (file:///C:/vscode%20project/chatbot/src/server/chat/soop/SoopScrapper.js:47:31)
    at process.processTicksAndRejections (node:internal/process/task_queues:103:5)
    at async SoopScrapper.getChatInfo (file:///C:/vscode%20project/chatbot/src/server/chat/soop/SoopScrapper.js:64:21)
    at async SoopScrapper.connectToSoopChat (file:///C:/vscode%20project/chatbot/src/server/chat/soop/SoopScrapper.js:105:25)
    at async SoopScrapper.init (file:///C:/vscode%20project/chatbot/src/server/chat/soop/SoopScrapper.js:15:9)
    at async ChatHub.init (file:///C:/vscode%20project/chatbot/src/server/chat/ChatHub.js:29:9)
    at async Server.<anonymous> (file:///C:/vscode%20project/chatbot/src/server/server.js:60:9)
[2026-02-27T05:53:54.726Z] [Server] SyntaxError: Bad escaped character in JSON at position 60033 (line 1 column 60034)
    at JSON.parse (<anonymous>)
    at SoopScrapper.getCurrentBno (file:///C:/vscode%20project/chatbot/src/server/chat/soop/SoopScrapper.js:49:31)
    at process.processTicksAndRejections (node:internal/process/task_queues:103:5)
    at async SoopScrapper.getChatInfo (file:///C:/vscode%20project/chatbot/src/server/chat/soop/SoopScrapper.js:66:21)
    at async SoopScrapper.connectToSoopChat (file:///C:/vscode%20project/chatbot/src/server/chat/soop/SoopScrapper.js:107:25)
    at async SoopScrapper.init (file:///C:/vscode%20project/chatbot/src/server/chat/soop/SoopScrapper.js:15:9)
    at async ChatHub.init (file:///C:/vscode%20project/chatbot/src/server/chat/ChatHub.js:29:9)
    at async Server.<anonymous> (file:///C:/vscode%20project/chatbot/src/server/server.js:60:9)
[2026-02-27T05:57:03.083Z] [Server] SyntaxError: Invalid or unexpected token
    at new Function (<anonymous>)
    at SoopScrapper.getCurrentBno (file:///C:/vscode%20project/chatbot/src/server/chat/soop/SoopScrapper.js:45:26)
    at process.processTicksAndRejections (node:internal/process/task_queues:103:5)
    at async SoopScrapper.getChatInfo (file:///C:/vscode%20project/chatbot/src/server/chat/soop/SoopScrapper.js:62:21)
    at async SoopScrapper.connectToSoopChat (file:///C:/vscode%20project/chatbot/src/server/chat/soop/SoopScrapper.js:103:25)
    at async SoopScrapper.init (file:///C:/vscode%20project/chatbot/src/server/chat/soop/SoopScrapper.js:15:9)
    at async ChatHub.init (file:///C:/vscode%20project/chatbot/src/server/chat/ChatHub.js:29:9)
    at async Server.<anonymous> (file:///C:/vscode%20project/chatbot/src/server/server.js:60:9)
[2026-02-27T05:58:53.446Z] [Server] ReferenceError: data is not defined
    at SoopScrapper.getCurrentBno (file:///C:/vscode%20project/chatbot/src/server/chat/soop/SoopScrapper.js:43:9)
    at process.processTicksAndRejections (node:internal/process/task_queues:103:5)
    at async SoopScrapper.getChatInfo (file:///C:/vscode%20project/chatbot/src/server/chat/soop/SoopScrapper.js:52:21)
    at async SoopScrapper.connectToSoopChat (file:///C:/vscode%20project/chatbot/src/server/chat/soop/SoopScrapper.js:93:25)
    at async SoopScrapper.init (file:///C:/vscode%20project/chatbot/src/server/chat/soop/SoopScrapper.js:15:9)
    at async ChatHub.init (file:///C:/vscode%20project/chatbot/src/server/chat/ChatHub.js:29:9)
    at async Server.<anonymous> (file:///C:/vscode%20project/chatbot/src/server/server.js:60:9)
[2026-02-27T06:16:55.762Z] [Server] Error: No redirect found for legendhyuk
    at SoopScrapper.getCurrentBno (file:///C:/vscode%20project/chatbot/src/server/chat/soop/SoopScrapper.js:43:19)
    at process.processTicksAndRejections (node:internal/process/task_queues:103:5)
    at async SoopScrapper.getChatInfo (file:///C:/vscode%20project/chatbot/src/server/chat/soop/SoopScrapper.js:53:21)
    at async SoopScrapper.connectToSoopChat (file:///C:/vscode%20project/chatbot/src/server/chat/soop/SoopScrapper.js:94:25)
    at async SoopScrapper.init (file:///C:/vscode%20project/chatbot/src/server/chat/soop/SoopScrapper.js:15:9)
    at async ChatHub.init (file:///C:/vscode%20project/chatbot/src/server/chat/ChatHub.js:29:9)
    at async Server.<anonymous> (file:///C:/vscode%20project/chatbot/src/server/server.js:60:9)
[2026-02-27T06:18:30.796Z] [Server] Error: Broadcast number not found for legendhyuk
    at SoopScrapper.getCurrentBno (file:///C:/vscode%20project/chatbot/src/server/chat/soop/SoopScrapper.js:76:19)
    at process.processTicksAndRejections (node:internal/process/task_queues:103:5)
    at async SoopScrapper.getChatInfo (file:///C:/vscode%20project/chatbot/src/server/chat/soop/SoopScrapper.js:86:21)
    at async SoopScrapper.connectToSoopChat (file:///C:/vscode%20project/chatbot/src/server/chat/soop/SoopScrapper.js:127:25)
    at async SoopScrapper.init (file:///C:/vscode%20project/chatbot/src/server/chat/soop/SoopScrapper.js:15:9)
    at async ChatHub.init (file:///C:/vscode%20project/chatbot/src/server/chat/ChatHub.js:29:9)
    at async Server.<anonymous> (file:///C:/vscode%20project/chatbot/src/server/server.js:60:9)
[2026-02-27T07:11:26.752Z] [Uncaught Exception] TypeError: data.split is not a function
    at SoopScrapper.onSocketMessage (file:///C:/vscode%20project/chatbot/src/server/chat/soop/SoopScrapper.js:149:28)
    at callListener (C:\vscode project\chatbot\node_modules\ws\lib\event-target.js:290:14)
    at WebSocket.onMessage (C:\vscode project\chatbot\node_modules\ws\lib\event-target.js:209:9)
    at WebSocket.emit (node:events:508:28)
    at Receiver.receiverOnMessage (C:\vscode project\chatbot\node_modules\ws\lib\websocket.js:1225:20)
    at Receiver.emit (node:events:508:28)
    at Receiver.dataMessage (C:\vscode project\chatbot\node_modules\ws\lib\receiver.js:569:14)
    at Receiver.getData (C:\vscode project\chatbot\node_modules\ws\lib\receiver.js:496:10)
    at Receiver.startLoop (C:\vscode project\chatbot\node_modules\ws\lib\receiver.js:167:16)
    at Receiver._write (C:\vscode project\chatbot\node_modules\ws\lib\receiver.js:94:10)
