[2026-02-26T06:32:57.270Z] [Server] TypeError: chatScrapper.init is not a function
    at Server.<anonymous> (file:///C:/vscode%20project/chatbot/src/server/server.js:58:28)
    at Object.onceWrapper (node:events:622:28)
    at Server.emit (node:events:520:35)
    at emitListeningNT (node:net:1983:10)
    at process.processTicksAndRejections (node:internal/process/task_queues:88:21)
[2026-02-26T06:34:50.922Z] [Server] ReferenceError: ScrapperServer is not defined
    at Server.<anonymous> (file:///C:/vscode%20project/chatbot/src/server/server.js:57:9)
    at Object.onceWrapper (node:events:622:28)
    at Server.emit (node:events:520:35)
    at emitListeningNT (node:net:1983:10)
    at process.processTicksAndRejections (node:internal/process/task_queues:88:21)
[2026-02-26T06:41:19.991Z] [Uncaught Exception] TypeError: this.broadcast is not a function
    at file:///C:/vscode%20project/chatbot/src/server/chat/chzzk/ChzzkScrapper.js:93:30
    at Array.forEach (<anonymous>)
    at ChzzkScrapper.onSocketMessage (file:///C:/vscode%20project/chatbot/src/server/chat/chzzk/ChzzkScrapper.js:88:26)
    at [nodejs.internal.kHybridDispatch] (node:internal/event_target:845:20)
    at WebSocket.dispatchEvent (node:internal/event_target:778:26)
    at fireEvent (node:internal/deps/undici/undici:13224:14)
    at #onMessage (node:internal/deps/undici/undici:14453:9)
    at Object.onMessage (node:internal/deps/undici/undici:14166:76)
    at websocketMessageReceived (node:internal/deps/undici/undici:13228:15)
    at ByteParser.run (node:internal/deps/undici/undici:13869:19)
[2026-02-26T06:41:20.326Z] [Uncaught Exception] TypeError: this.broadcast is not a function
    at file:///C:/vscode%20project/chatbot/src/server/chat/chzzk/ChzzkScrapper.js:93:30
    at Array.forEach (<anonymous>)
    at ChzzkScrapper.onSocketMessage (file:///C:/vscode%20project/chatbot/src/server/chat/chzzk/ChzzkScrapper.js:88:26)
    at [nodejs.internal.kHybridDispatch] (node:internal/event_target:845:20)
    at WebSocket.dispatchEvent (node:internal/event_target:778:26)
    at fireEvent (node:internal/deps/undici/undici:13224:14)
    at #onMessage (node:internal/deps/undici/undici:14453:9)
    at Object.onMessage (node:internal/deps/undici/undici:14166:76)
    at websocketMessageReceived (node:internal/deps/undici/undici:13228:15)
    at ByteParser.run (node:internal/deps/undici/undici:13869:19)
[2026-02-26T06:41:21.007Z] [Uncaught Exception] TypeError: this.broadcast is not a function
    at file:///C:/vscode%20project/chatbot/src/server/chat/chzzk/ChzzkScrapper.js:93:30
    at Array.forEach (<anonymous>)
    at ChzzkScrapper.onSocketMessage (file:///C:/vscode%20project/chatbot/src/server/chat/chzzk/ChzzkScrapper.js:88:26)
    at [nodejs.internal.kHybridDispatch] (node:internal/event_target:845:20)
    at WebSocket.dispatchEvent (node:internal/event_target:778:26)
    at fireEvent (node:internal/deps/undici/undici:13224:14)
    at #onMessage (node:internal/deps/undici/undici:14453:9)
    at Object.onMessage (node:internal/deps/undici/undici:14166:76)
    at websocketMessageReceived (node:internal/deps/undici/undici:13228:15)
    at ByteParser.run (node:internal/deps/undici/undici:13869:19)
[2026-02-26T06:41:22.367Z] [Uncaught Exception] TypeError: this.broadcast is not a function
    at file:///C:/vscode%20project/chatbot/src/server/chat/chzzk/ChzzkScrapper.js:93:30
    at Array.forEach (<anonymous>)
    at ChzzkScrapper.onSocketMessage (file:///C:/vscode%20project/chatbot/src/server/chat/chzzk/ChzzkScrapper.js:88:26)
    at [nodejs.internal.kHybridDispatch] (node:internal/event_target:845:20)
    at WebSocket.dispatchEvent (node:internal/event_target:778:26)
    at fireEvent (node:internal/deps/undici/undici:13224:14)
    at #onMessage (node:internal/deps/undici/undici:14453:9)
    at Object.onMessage (node:internal/deps/undici/undici:14166:76)
    at websocketMessageReceived (node:internal/deps/undici/undici:13228:15)
    at ByteParser.run (node:internal/deps/undici/undici:13869:19)
[2026-02-26T06:41:24.037Z] [Uncaught Exception] TypeError: this.broadcast is not a function
    at file:///C:/vscode%20project/chatbot/src/server/chat/chzzk/ChzzkScrapper.js:93:30
    at Array.forEach (<anonymous>)
    at ChzzkScrapper.onSocketMessage (file:///C:/vscode%20project/chatbot/src/server/chat/chzzk/ChzzkScrapper.js:88:26)
    at [nodejs.internal.kHybridDispatch] (node:internal/event_target:845:20)
    at WebSocket.dispatchEvent (node:internal/event_target:778:26)
    at fireEvent (node:internal/deps/undici/undici:13224:14)
    at #onMessage (node:internal/deps/undici/undici:14453:9)
    at Object.onMessage (node:internal/deps/undici/undici:14166:76)
    at websocketMessageReceived (node:internal/deps/undici/undici:13228:15)
    at ByteParser.run (node:internal/deps/undici/undici:13869:19)
[2026-02-26T06:43:19.851Z] [Uncaught Exception] TypeError: Cannot read properties of undefined (reading 'broadcast')
    at file:///C:/vscode%20project/chatbot/src/server/chat/chzzk/ChzzkScrapper.js:95:45
    at Array.forEach (<anonymous>)
    at ChzzkScrapper.onSocketMessage (file:///C:/vscode%20project/chatbot/src/server/chat/chzzk/ChzzkScrapper.js:90:26)
    at [nodejs.internal.kHybridDispatch] (node:internal/event_target:845:20)
    at WebSocket.dispatchEvent (node:internal/event_target:778:26)
    at fireEvent (node:internal/deps/undici/undici:13224:14)
    at #onMessage (node:internal/deps/undici/undici:14453:9)
    at Object.onMessage (node:internal/deps/undici/undici:14166:76)
    at websocketMessageReceived (node:internal/deps/undici/undici:13228:15)
    at ByteParser.run (node:internal/deps/undici/undici:13869:19)
[2026-02-26T06:43:21.521Z] [Uncaught Exception] TypeError: Cannot read properties of undefined (reading 'broadcast')
    at file:///C:/vscode%20project/chatbot/src/server/chat/chzzk/ChzzkScrapper.js:95:45
    at Array.forEach (<anonymous>)
    at ChzzkScrapper.onSocketMessage (file:///C:/vscode%20project/chatbot/src/server/chat/chzzk/ChzzkScrapper.js:90:26)
    at [nodejs.internal.kHybridDispatch] (node:internal/event_target:845:20)
    at WebSocket.dispatchEvent (node:internal/event_target:778:26)
    at fireEvent (node:internal/deps/undici/undici:13224:14)
    at #onMessage (node:internal/deps/undici/undici:14453:9)
    at Object.onMessage (node:internal/deps/undici/undici:14166:76)
    at websocketMessageReceived (node:internal/deps/undici/undici:13228:15)
    at ByteParser.run (node:internal/deps/undici/undici:13869:19)
[2026-02-26T06:49:09.170Z] [Uncaught Exception] TypeError: Cannot read properties of undefined (reading 'send')
    at WebSocket.onSocketOpen (file:///C:/vscode%20project/chatbot/src/server/chat/chzzk/ChzzkScrapper.js:73:22)
    at [nodejs.internal.kHybridDispatch] (node:internal/event_target:845:20)
    at WebSocket.dispatchEvent (node:internal/event_target:778:26)
    at fireEvent (node:internal/deps/undici/undici:13224:14)
    at #onConnectionEstablished (node:internal/deps/undici/undici:14418:9)
    at Object.onConnectionEstablished (node:internal/deps/undici/undici:14165:112)
    at Object.processResponse (node:internal/deps/undici/undici:13595:19)
    at node:internal/deps/undici/undici:12313:23
    at node:internal/process/task_queues:149:7
    at AsyncResource.runInAsyncScope (node:async_hooks:214:14)
